<?xml version="1.0" encoding="UTF-8"?>
<testng-results ignored="0" total="6" passed="6" failed="0" skipped="0">
  <reporter-output>
  </reporter-output>
  <suite started-at="2022-11-06T14:42:05 IST" name="Default suite" finished-at="2022-11-06T14:42:18 IST" duration-ms="13500">
    <groups>
      <group name="cucumber">
        <method signature="AbstractTestNGCucumberTests.runScenario(io.cucumber.testng.PickleWrapper,io.cucumber.testng.FeatureWrapper)[pri:0, instance:runner.Runner@1ea9f6af]" name="runScenario" class="io.cucumber.testng.AbstractTestNGCucumberTests"/>
      </group> <!-- cucumber -->
    </groups>
    <test started-at="2022-11-06T14:42:05 IST" name="Default test" finished-at="2022-11-06T14:42:18 IST" duration-ms="13500">
      <class name="runner.Runner">
        <test-method is-config="true" signature="setUpClass()[pri:0, instance:runner.Runner@1ea9f6af]" started-at="2022-11-06T14:42:05 IST" name="setUpClass" finished-at="2022-11-06T14:42:07 IST" duration-ms="2023" status="PASS">
          <reporter-output>
          </reporter-output>
        </test-method> <!-- setUpClass -->
        <test-method signature="runScenario(io.cucumber.testng.PickleWrapper,io.cucumber.testng.FeatureWrapper)[pri:0, instance:runner.Runner@1ea9f6af]" started-at="2022-11-06T14:42:07 IST" name="runScenario" description="Runs Cucumber Scenarios" data-provider="scenarios" finished-at="2022-11-06T14:42:15 IST" duration-ms="7801" status="PASS">
          <params>
            <param index="0">
              <value>
                <![CDATA["User want to delete data from database by using id"]]>
              </value>
            </param>
            <param index="1">
              <value>
                <![CDATA["Optional[DeleteId]"]]>
              </value>
            </param>
          </params>
          <reporter-output>
          </reporter-output>
        </test-method> <!-- runScenario -->
        <test-method signature="runScenario(io.cucumber.testng.PickleWrapper,io.cucumber.testng.FeatureWrapper)[pri:0, instance:runner.Runner@1ea9f6af]" started-at="2022-11-06T14:42:15 IST" name="runScenario" description="Runs Cucumber Scenarios" data-provider="scenarios" finished-at="2022-11-06T14:42:15 IST" duration-ms="239" status="PASS">
          <params>
            <param index="0">
              <value>
                <![CDATA["User want to delete data from database by using id"]]>
              </value>
            </param>
            <param index="1">
              <value>
                <![CDATA["Optional[DeleteMid Request]"]]>
              </value>
            </param>
          </params>
          <reporter-output>
          </reporter-output>
        </test-method> <!-- runScenario -->
        <test-method signature="runScenario(io.cucumber.testng.PickleWrapper,io.cucumber.testng.FeatureWrapper)[pri:0, instance:runner.Runner@1ea9f6af]" started-at="2022-11-06T14:42:15 IST" name="runScenario" description="Runs Cucumber Scenarios" data-provider="scenarios" finished-at="2022-11-06T14:42:16 IST" duration-ms="1242" status="PASS">
          <params>
            <param index="0">
              <value>
                <![CDATA["User want to read data from databse by using id"]]>
              </value>
            </param>
            <param index="1">
              <value>
                <![CDATA["Optional[Get by Id]"]]>
              </value>
            </param>
          </params>
          <reporter-output>
          </reporter-output>
        </test-method> <!-- runScenario -->
        <test-method signature="runScenario(io.cucumber.testng.PickleWrapper,io.cucumber.testng.FeatureWrapper)[pri:0, instance:runner.Runner@1ea9f6af]" started-at="2022-11-06T14:42:16 IST" name="runScenario" description="Runs Cucumber Scenarios" data-provider="scenarios" finished-at="2022-11-06T14:42:17 IST" duration-ms="286" status="PASS">
          <params>
            <param index="0">
              <value>
                <![CDATA["User want to read the data from data"]]>
              </value>
            </param>
            <param index="1">
              <value>
                <![CDATA["Optional[Get Mid Request]"]]>
              </value>
            </param>
          </params>
          <reporter-output>
          </reporter-output>
        </test-method> <!-- runScenario -->
        <test-method signature="runScenario(io.cucumber.testng.PickleWrapper,io.cucumber.testng.FeatureWrapper)[pri:0, instance:runner.Runner@1ea9f6af]" started-at="2022-11-06T14:42:17 IST" name="runScenario" description="Runs Cucumber Scenarios" data-provider="scenarios" finished-at="2022-11-06T14:42:17 IST" duration-ms="330" status="PASS">
          <params>
            <param index="0">
              <value>
                <![CDATA["User wants to create or post the data in FoodMenu"]]>
              </value>
            </param>
            <param index="1">
              <value>
                <![CDATA["Optional[PostMid Request]"]]>
              </value>
            </param>
          </params>
          <reporter-output>
          </reporter-output>
        </test-method> <!-- runScenario -->
        <test-method signature="runScenario(io.cucumber.testng.PickleWrapper,io.cucumber.testng.FeatureWrapper)[pri:0, instance:runner.Runner@1ea9f6af]" started-at="2022-11-06T14:42:17 IST" name="runScenario" description="Runs Cucumber Scenarios" data-provider="scenarios" finished-at="2022-11-06T14:42:18 IST" duration-ms="1160" status="PASS">
          <params>
            <param index="0">
              <value>
                <![CDATA["User wants to create  the data in database"]]>
              </value>
            </param>
            <param index="1">
              <value>
                <![CDATA["Optional[Admin controller]"]]>
              </value>
            </param>
          </params>
          <reporter-output>
          </reporter-output>
        </test-method> <!-- runScenario -->
        <test-method is-config="true" signature="tearDownClass()[pri:0, instance:runner.Runner@1ea9f6af]" started-at="2022-11-06T14:42:18 IST" name="tearDownClass" finished-at="2022-11-06T14:42:18 IST" duration-ms="237" status="PASS">
          <reporter-output>
          </reporter-output>
        </test-method> <!-- tearDownClass -->
      </class> <!-- runner.Runner -->
    </test> <!-- Default test -->
  </suite> <!-- Default suite -->
</testng-results>
